shidoku\shi01.txt 180 0.000 0.000
shidoku\shi01.txt 177 0.000 0.000
shidoku\shi01.txt 188 0.000 0.000
shidoku\shi01.txt 186 0.000 0.000
shidoku\shi01.txt 188 0.000 0.000
shidoku\shi01.txt 173 0.000 0.000
shidoku\shi01.txt 185 0.000 0.000
shidoku\shi01.txt 175 0.000 0.000
shidoku\shi01.txt 191 0.000 0.000
shidoku\shi01.txt 183 0.000 0.000
shidoku\shi01.txt 183 0.000 0.000
shidoku\shi01.txt 187 0.000 0.000
shidoku\shi01.txt 176 0.000 0.000
shidoku\shi01.txt 183 0.000 0.000
shidoku\shi01.txt 174 0.000 0.000
shidoku\shi01.txt 180 0.000 0.000
shidoku\shi01.txt 184 0.000 0.000
shidoku\shi01.txt 188 0.000 0.000
shidoku\shi01.txt 184 0.000 0.000
shidoku\shi01.txt 179 0.000 0.000
shidoku\shi01.txt 178 0.000 0.000
shidoku\shi01.txt 177 0.000 0.000
shidoku\shi01.txt 192 0.000 0.000
shidoku\shi01.txt 183 0.000 0.000
shidoku\shi01.txt 181 0.000 0.000
shidoku\shi01.txt 177 0.000 0.000
shidoku\shi01.txt 190 0.000 0.000
shidoku\shi01.txt 170 0.000 0.000
shidoku\shi01.txt 186 0.000 0.000
shidoku\shi01.txt 173 0.000 0.000
shidoku\shi01.txt 188 0.000 0.000
shidoku\shi01.txt 186 0.000 0.000
shidoku\shi01.txt 181 0.000 0.000
shidoku\shi01.txt 175 0.000 0.000
shidoku\shi01.txt 195 0.000 0.000
shidoku\shi01.txt 184 0.000 0.000
shidoku\shi01.txt 187 0.000 0.000
shidoku\shi01.txt 187 0.000 0.000
shidoku\shi01.txt 173 0.000 0.000
shidoku\shi01.txt 175 0.000 0.000
shidoku\shi01.txt 188 0.000 0.000
shidoku\shi01.txt 180 0.000 0.000
shidoku\shi01.txt 179 0.000 0.000
shidoku\shi01.txt 181 0.000 0.000
shidoku\shi01.txt 182 0.000 0.000
shidoku\shi01.txt 181 0.000 0.000
shidoku\shi01.txt 178 0.000 0.000
shidoku\shi01.txt 186 0.000 0.000
shidoku\shi01.txt 181 0.000 0.000
shidoku\shi01.txt 169 0.000 0.000
shidoku\shi01.txt 182 0.000 0.000
shidoku\shi01.txt 184 0.000 0.000
shidoku\shi01.txt 177 0.000 0.000
shidoku\shi01.txt 186 0.000 0.000
shidoku\shi01.txt 179 0.000 0.000
shidoku\shi01.txt 181 0.000 0.000
shidoku\shi01.txt 177 0.000 0.000
shidoku\shi01.txt 172 0.000 0.000
shidoku\shi01.txt 177 0.000 0.000
shidoku\shi01.txt 175 0.000 0.000
shidoku\shi01.txt 178 0.000 0.000
shidoku\shi01.txt 188 0.000 0.000
shidoku\shi01.txt 187 0.000 0.000
shidoku\shi01.txt 170 0.000 0.000
shidoku\shi01.txt 184 0.000 0.000
shidoku\shi01.txt 181 0.000 0.000
shidoku\shi01.txt 183 0.000 0.000
shidoku\shi01.txt 187 0.000 0.000
shidoku\shi01.txt 183 0.000 0.000
shidoku\shi01.txt 173 0.000 0.000
shidoku\shi01.txt 170 0.000 0.000
shidoku\shi01.txt 181 0.000 0.000
shidoku\shi01.txt 189 0.000 0.000
shidoku\shi01.txt 180 0.000 0.000
shidoku\shi01.txt 185 0.000 0.000
shidoku\shi01.txt 181 0.000 0.000
shidoku\shi01.txt 184 0.000 0.000
shidoku\shi01.txt 181 0.000 0.000
shidoku\shi01.txt 187 0.000 0.000
shidoku\shi01.txt 187 0.000 0.000
shidoku\shi01.txt 179 0.000 0.000
shidoku\shi01.txt 184 0.000 0.000
shidoku\shi01.txt 187 0.000 0.000
shidoku\shi01.txt 175 0.000 0.000
shidoku\shi01.txt 192 0.000 0.000
shidoku\shi01.txt 171 0.000 0.000
shidoku\shi01.txt 174 0.000 0.000
shidoku\shi01.txt 180 0.000 0.000
shidoku\shi01.txt 181 0.000 0.000
shidoku\shi01.txt 179 0.000 0.000
shidoku\shi01.txt 171 0.000 0.000
shidoku\shi01.txt 193 0.000 0.000
shidoku\shi01.txt 185 0.000 0.000
shidoku\shi01.txt 177 0.000 0.000
shidoku\shi01.txt 181 0.000 0.000
shidoku\shi01.txt 186 0.000 0.000
shidoku\shi01.txt 189 0.000 0.000
shidoku\shi01.txt 186 0.000 0.000
shidoku\shi01.txt 183 0.000 0.000
shidoku\shi01.txt 178 0.000 0.000
shidoku\shi02.txt 111 0.000 0.000
shidoku\shi02.txt 103 0.000 0.000
shidoku\shi02.txt 98 0.000 0.000
shidoku\shi02.txt 99 0.000 0.000
shidoku\shi02.txt 98 0.000 0.000
shidoku\shi02.txt 94 0.000 0.000
shidoku\shi02.txt 107 0.000 0.000
shidoku\shi02.txt 98 0.000 0.000
shidoku\shi02.txt 97 0.000 0.000
shidoku\shi02.txt 95 0.000 0.000
shidoku\shi02.txt 99 0.000 0.000
shidoku\shi02.txt 97 0.000 0.000
shidoku\shi02.txt 100 0.000 0.000
shidoku\shi02.txt 98 0.000 0.000
shidoku\shi02.txt 101 0.000 0.000
shidoku\shi02.txt 102 0.000 0.000
shidoku\shi02.txt 102 0.000 0.000
shidoku\shi02.txt 105 0.000 0.000
shidoku\shi02.txt 103 0.000 0.000
shidoku\shi02.txt 103 0.000 0.000
shidoku\shi02.txt 100 0.000 0.000
shidoku\shi02.txt 93 0.000 0.000
shidoku\shi02.txt 112 0.000 0.000
shidoku\shi02.txt 102 0.000 0.000
shidoku\shi02.txt 96 0.000 0.000
shidoku\shi02.txt 97 0.000 0.000
shidoku\shi02.txt 103 0.000 0.000
shidoku\shi02.txt 99 0.000 0.000
shidoku\shi02.txt 100 0.000 0.000
shidoku\shi02.txt 106 0.000 0.000
shidoku\shi02.txt 110 0.000 0.000
shidoku\shi02.txt 99 0.000 0.000
shidoku\shi02.txt 97 0.000 0.000
shidoku\shi02.txt 94 0.000 0.000
shidoku\shi02.txt 99 0.000 0.000
shidoku\shi02.txt 97 0.000 0.000
shidoku\shi02.txt 109 0.000 0.000
shidoku\shi02.txt 98 0.000 0.000
shidoku\shi02.txt 94 0.000 0.000
shidoku\shi02.txt 97 0.000 0.000
shidoku\shi02.txt 100 0.000 0.000
shidoku\shi02.txt 100 0.000 0.000
shidoku\shi02.txt 101 0.000 0.000
shidoku\shi02.txt 94 0.000 0.000
shidoku\shi02.txt 105 0.000 0.000
shidoku\shi02.txt 101 0.000 0.000
shidoku\shi02.txt 102 0.000 0.000
shidoku\shi02.txt 104 0.000 0.000
shidoku\shi02.txt 104 0.000 0.000
shidoku\shi02.txt 105 0.000 0.000
shidoku\shi02.txt 116 0.000 0.000
shidoku\shi02.txt 105 0.000 0.000
shidoku\shi02.txt 99 0.000 0.000
shidoku\shi02.txt 106 0.000 0.000
shidoku\shi02.txt 101 0.000 0.000
shidoku\shi02.txt 105 0.000 0.000
shidoku\shi02.txt 99 0.000 0.000
shidoku\shi02.txt 100 0.000 0.000
shidoku\shi02.txt 101 0.000 0.000
shidoku\shi02.txt 100 0.000 0.000
shidoku\shi02.txt 98 0.000 0.000
shidoku\shi02.txt 100 0.000 0.000
shidoku\shi02.txt 99 0.000 0.000
shidoku\shi02.txt 96 0.000 0.000
shidoku\shi02.txt 97 0.000 0.000
shidoku\shi02.txt 107 0.000 0.000
shidoku\shi02.txt 98 0.000 0.000
shidoku\shi02.txt 100 0.000 0.000
shidoku\shi02.txt 100 0.000 0.000
shidoku\shi02.txt 100 0.000 0.000
shidoku\shi02.txt 100 0.000 0.000
shidoku\shi02.txt 100 0.000 0.000
shidoku\shi02.txt 96 0.000 0.000
shidoku\shi02.txt 99 0.000 0.000
shidoku\shi02.txt 104 0.000 0.000
shidoku\shi02.txt 104 0.000 0.000
shidoku\shi02.txt 100 0.000 0.000
shidoku\shi02.txt 96 0.000 0.000
shidoku\shi02.txt 96 0.000 0.000
shidoku\shi02.txt 93 0.000 0.000
shidoku\shi02.txt 100 0.000 0.000
shidoku\shi02.txt 101 0.000 0.000
shidoku\shi02.txt 99 0.000 0.000
shidoku\shi02.txt 116 0.000 0.000
shidoku\shi02.txt 100 0.000 0.000
shidoku\shi02.txt 99 0.000 0.000
shidoku\shi02.txt 95 0.000 0.000
shidoku\shi02.txt 103 0.000 0.000
shidoku\shi02.txt 93 0.000 0.000
shidoku\shi02.txt 107 0.000 0.000
shidoku\shi02.txt 100 0.000 0.000
shidoku\shi02.txt 103 0.000 0.000
shidoku\shi02.txt 101 0.000 0.000
shidoku\shi02.txt 100 0.000 0.000
shidoku\shi02.txt 100 0.000 0.000
shidoku\shi02.txt 98 0.000 0.000
shidoku\shi02.txt 119 0.000 0.000
shidoku\shi02.txt 97 0.000 0.000
shidoku\shi02.txt 103 0.000 0.000
shidoku\shi02.txt 96 0.000 0.000
shidoku\shi03.txt 152 0.000 0.000
shidoku\shi03.txt 149 0.000 0.000
shidoku\shi03.txt 127 0.000 0.000
shidoku\shi03.txt 132 0.000 0.000
shidoku\shi03.txt 125 0.000 0.000
shidoku\shi03.txt 131 0.000 0.000
shidoku\shi03.txt 156 0.000 0.000
shidoku\shi03.txt 139 0.000 0.000
shidoku\shi03.txt 159 0.000 0.000
shidoku\shi03.txt 144 0.000 0.000
shidoku\shi03.txt 150 0.000 0.000
shidoku\shi03.txt 152 0.000 0.000
shidoku\shi03.txt 140 0.000 0.000
shidoku\shi03.txt 146 0.000 0.000
shidoku\shi03.txt 139 0.000 0.000
shidoku\shi03.txt 125 0.000 0.000
shidoku\shi03.txt 155 0.000 0.000
shidoku\shi03.txt 168 0.000 0.000
shidoku\shi03.txt 154 0.000 0.000
shidoku\shi03.txt 155 0.000 0.000
shidoku\shi03.txt 148 0.000 0.000
shidoku\shi03.txt 140 0.000 0.000
shidoku\shi03.txt 154 0.000 0.000
shidoku\shi03.txt 157 0.000 0.000
shidoku\shi03.txt 153 0.000 0.000
shidoku\shi03.txt 158 0.000 0.000
shidoku\shi03.txt 147 0.000 0.000
shidoku\shi03.txt 153 0.000 0.000
shidoku\shi03.txt 144 0.000 0.000
shidoku\shi03.txt 143 0.000 0.000
shidoku\shi03.txt 147 0.000 0.000
shidoku\shi03.txt 151 0.000 0.000
shidoku\shi03.txt 143 0.000 0.000
shidoku\shi03.txt 163 0.000 0.000
shidoku\shi03.txt 155 0.000 0.000
shidoku\shi03.txt 143 0.000 0.000
shidoku\shi03.txt 135 0.000 0.000
shidoku\shi03.txt 152 0.000 0.000
shidoku\shi03.txt 162 0.000 0.000
shidoku\shi03.txt 149 0.000 0.000
shidoku\shi03.txt 141 0.000 0.000
shidoku\shi03.txt 167 0.000 0.000
shidoku\shi03.txt 154 0.000 0.000
shidoku\shi03.txt 147 0.000 0.000
shidoku\shi03.txt 150 0.000 0.000
shidoku\shi03.txt 153 0.000 0.000
shidoku\shi03.txt 148 0.000 0.000
shidoku\shi03.txt 153 0.000 0.000
shidoku\shi03.txt 140 0.000 0.000
shidoku\shi03.txt 156 0.000 0.000
shidoku\shi03.txt 153 0.000 0.000
shidoku\shi03.txt 146 0.000 0.000
shidoku\shi03.txt 162 0.000 0.000
shidoku\shi03.txt 136 0.000 0.000
shidoku\shi03.txt 144 0.000 0.000
shidoku\shi03.txt 143 0.000 0.000
shidoku\shi03.txt 149 0.000 0.000
shidoku\shi03.txt 141 0.000 0.000
shidoku\shi03.txt 153 0.000 0.000
shidoku\shi03.txt 133 0.000 0.000
shidoku\shi03.txt 147 0.000 0.000
shidoku\shi03.txt 141 0.000 0.000
shidoku\shi03.txt 151 0.000 0.000
shidoku\shi03.txt 148 0.000 0.000
shidoku\shi03.txt 153 0.000 0.000
shidoku\shi03.txt 153 0.000 0.000
shidoku\shi03.txt 156 0.000 0.000
shidoku\shi03.txt 146 0.000 0.000
shidoku\shi03.txt 142 0.000 0.000
shidoku\shi03.txt 162 0.000 0.000
shidoku\shi03.txt 154 0.000 0.000
shidoku\shi03.txt 159 0.000 0.000
shidoku\shi03.txt 137 0.000 0.000
shidoku\shi03.txt 162 0.000 0.000
shidoku\shi03.txt 147 0.000 0.000
shidoku\shi03.txt 127 0.000 0.000
shidoku\shi03.txt 149 0.000 0.000
shidoku\shi03.txt 155 0.000 0.000
shidoku\shi03.txt 147 0.000 0.000
shidoku\shi03.txt 157 0.000 0.000
shidoku\shi03.txt 146 0.000 0.000
shidoku\shi03.txt 155 0.000 0.000
shidoku\shi03.txt 129 0.000 0.000
shidoku\shi03.txt 136 0.000 0.000
shidoku\shi03.txt 134 0.000 0.000
shidoku\shi03.txt 140 0.000 0.000
shidoku\shi03.txt 150 0.000 0.000
shidoku\shi03.txt 147 0.000 0.000
shidoku\shi03.txt 156 0.000 0.000
shidoku\shi03.txt 157 0.000 0.000
shidoku\shi03.txt 154 0.000 0.000
shidoku\shi03.txt 153 0.000 0.000
shidoku\shi03.txt 154 0.000 0.000
shidoku\shi03.txt 151 0.000 0.000
shidoku\shi03.txt 156 0.000 0.000
shidoku\shi03.txt 149 0.000 0.000
shidoku\shi03.txt 151 0.000 0.000
shidoku\shi03.txt 155 0.000 0.000
shidoku\shi03.txt 151 0.000 0.000
shidoku\shi03.txt 142 0.000 0.000
shidoku\shi04.txt 99 0.000 0.000
shidoku\shi04.txt 98 0.000 0.000
shidoku\shi04.txt 108 0.000 0.000
shidoku\shi04.txt 98 0.000 0.000
shidoku\shi04.txt 101 0.000 0.000
shidoku\shi04.txt 100 0.000 0.000
shidoku\shi04.txt 98 0.000 0.000
shidoku\shi04.txt 107 0.000 0.000
shidoku\shi04.txt 107 0.000 0.000
shidoku\shi04.txt 98 0.000 0.000
shidoku\shi04.txt 102 0.000 0.000
shidoku\shi04.txt 103 0.000 0.000
shidoku\shi04.txt 106 0.000 0.000
shidoku\shi04.txt 102 0.000 0.000
shidoku\shi04.txt 90 0.000 0.000
shidoku\shi04.txt 107 0.000 0.000
shidoku\shi04.txt 95 0.000 0.000
shidoku\shi04.txt 99 0.000 0.000
shidoku\shi04.txt 97 0.000 0.000
shidoku\shi04.txt 96 0.000 0.000
shidoku\shi04.txt 95 0.000 0.000
shidoku\shi04.txt 97 0.000 0.000
shidoku\shi04.txt 95 0.000 0.000
shidoku\shi04.txt 103 0.000 0.000
shidoku\shi04.txt 94 0.000 0.000
shidoku\shi04.txt 95 0.000 0.000
shidoku\shi04.txt 106 0.000 0.000
shidoku\shi04.txt 106 0.000 0.000
shidoku\shi04.txt 103 0.000 0.000
shidoku\shi04.txt 97 0.000 0.000
shidoku\shi04.txt 91 0.000 0.000
shidoku\shi04.txt 102 0.000 0.000
shidoku\shi04.txt 100 0.000 0.000
shidoku\shi04.txt 96 0.000 0.000
shidoku\shi04.txt 99 0.000 0.000
shidoku\shi04.txt 93 0.000 0.000
shidoku\shi04.txt 96 0.000 0.000
shidoku\shi04.txt 100 0.000 0.000
shidoku\shi04.txt 96 0.000 0.000
shidoku\shi04.txt 102 0.000 0.000
shidoku\shi04.txt 105 0.000 0.000
shidoku\shi04.txt 103 0.000 0.000
shidoku\shi04.txt 103 0.000 0.000
shidoku\shi04.txt 102 0.000 0.000
shidoku\shi04.txt 102 0.000 0.000
shidoku\shi04.txt 104 0.000 0.000
shidoku\shi04.txt 95 0.000 0.000
shidoku\shi04.txt 105 0.000 0.000
shidoku\shi04.txt 105 0.000 0.000
shidoku\shi04.txt 104 0.000 0.000
shidoku\shi04.txt 103 0.000 0.000
shidoku\shi04.txt 93 0.000 0.000
shidoku\shi04.txt 102 0.000 0.000
shidoku\shi04.txt 98 0.000 0.000
shidoku\shi04.txt 94 0.000 0.000
shidoku\shi04.txt 97 0.000 0.000
shidoku\shi04.txt 97 0.000 0.000
shidoku\shi04.txt 100 0.000 0.000
shidoku\shi04.txt 101 0.000 0.000
shidoku\shi04.txt 109 0.000 0.000
shidoku\shi04.txt 102 0.000 0.000
shidoku\shi04.txt 95 0.000 0.000
shidoku\shi04.txt 107 0.000 0.000
shidoku\shi04.txt 98 0.000 0.000
shidoku\shi04.txt 107 0.000 0.000
shidoku\shi04.txt 96 0.000 0.000
shidoku\shi04.txt 96 0.000 0.000
shidoku\shi04.txt 100 0.000 0.000
shidoku\shi04.txt 96 0.000 0.000
shidoku\shi04.txt 100 0.000 0.000
shidoku\shi04.txt 100 0.000 0.000
shidoku\shi04.txt 99 0.000 0.000
shidoku\shi04.txt 97 0.000 0.000
shidoku\shi04.txt 100 0.000 0.000
shidoku\shi04.txt 111 0.000 0.000
shidoku\shi04.txt 102 0.000 0.000
shidoku\shi04.txt 104 0.000 0.000
shidoku\shi04.txt 98 0.000 0.000
shidoku\shi04.txt 106 0.000 0.000
shidoku\shi04.txt 96 0.000 0.000
shidoku\shi04.txt 98 0.000 0.000
shidoku\shi04.txt 107 0.000 0.000
shidoku\shi04.txt 97 0.000 0.000
shidoku\shi04.txt 100 0.000 0.000
shidoku\shi04.txt 97 0.000 0.000
shidoku\shi04.txt 96 0.000 0.000
shidoku\shi04.txt 97 0.000 0.000
shidoku\shi04.txt 101 0.000 0.000
shidoku\shi04.txt 96 0.000 0.000
shidoku\shi04.txt 103 0.000 0.000
shidoku\shi04.txt 103 0.000 0.000
shidoku\shi04.txt 111 0.000 0.000
shidoku\shi04.txt 98 0.000 0.000
shidoku\shi04.txt 103 0.000 0.000
shidoku\shi04.txt 97 0.000 0.000
shidoku\shi04.txt 90 0.000 0.000
shidoku\shi04.txt 100 0.000 0.000
shidoku\shi04.txt 99 0.000 0.000
shidoku\shi04.txt 94 0.000 0.000
shidoku\shi04.txt 97 0.000 0.000
shidoku\shi05.txt 97 0.000 0.000
shidoku\shi05.txt 95 0.000 0.000
shidoku\shi05.txt 96 0.000 0.000
shidoku\shi05.txt 90 0.000 0.000
shidoku\shi05.txt 86 0.000 0.000
shidoku\shi05.txt 91 0.000 0.000
shidoku\shi05.txt 139 0.000 0.000
shidoku\shi05.txt 102 0.000 0.000
shidoku\shi05.txt 103 0.000 0.000
shidoku\shi05.txt 112 0.000 0.000
shidoku\shi05.txt 500 0.769 0.210
shidoku\shi05.txt 104 0.000 0.000
shidoku\shi05.txt 106 0.000 0.000
shidoku\shi05.txt 104 0.000 0.000
shidoku\shi05.txt 106 0.000 0.000
shidoku\shi05.txt 89 0.000 0.000
shidoku\shi05.txt 97 0.000 0.000
shidoku\shi05.txt 101 0.000 0.000
shidoku\shi05.txt 99 0.000 0.000
shidoku\shi05.txt 87 0.000 0.000
shidoku\shi05.txt 96 0.000 0.000
shidoku\shi05.txt 94 0.000 0.000
shidoku\shi05.txt 97 0.000 0.000
shidoku\shi05.txt 101 0.000 0.000
shidoku\shi05.txt 95 0.000 0.000
shidoku\shi05.txt 97 0.000 0.000
shidoku\shi05.txt 100 0.000 0.000
shidoku\shi05.txt 94 0.000 0.000
shidoku\shi05.txt 125 0.000 0.000
shidoku\shi05.txt 500 0.769 0.210
shidoku\shi05.txt 102 0.000 0.000
shidoku\shi05.txt 87 0.000 0.000
shidoku\shi05.txt 92 0.000 0.000
shidoku\shi05.txt 500 0.769 0.210
shidoku\shi05.txt 117 0.000 0.000
shidoku\shi05.txt 116 0.000 0.000
shidoku\shi05.txt 102 0.000 0.000
shidoku\shi05.txt 138 0.000 0.000
shidoku\shi05.txt 201 0.000 0.000
shidoku\shi05.txt 96 0.000 0.000
shidoku\shi05.txt 94 0.000 0.000
shidoku\shi05.txt 117 0.000 0.000
shidoku\shi05.txt 100 0.000 0.000
shidoku\shi05.txt 179 0.000 0.000
shidoku\shi05.txt 95 0.000 0.000
shidoku\shi05.txt 96 0.000 0.000
shidoku\shi05.txt 100 0.000 0.000
shidoku\shi05.txt 500 0.769 0.210
shidoku\shi05.txt 84 0.000 0.000
shidoku\shi05.txt 99 0.000 0.000
shidoku\shi05.txt 110 0.000 0.000
shidoku\shi05.txt 96 0.000 0.000
shidoku\shi05.txt 104 0.000 0.000
shidoku\shi05.txt 98 0.000 0.000
shidoku\shi05.txt 99 0.000 0.000
shidoku\shi05.txt 100 0.000 0.000
shidoku\shi05.txt 97 0.000 0.000
shidoku\shi05.txt 500 0.769 0.210
shidoku\shi05.txt 101 0.000 0.000
shidoku\shi05.txt 100 0.000 0.000
shidoku\shi05.txt 95 0.000 0.000
shidoku\shi05.txt 89 0.000 0.000
shidoku\shi05.txt 100 0.000 0.000
shidoku\shi05.txt 95 0.000 0.000
shidoku\shi05.txt 97 0.000 0.000
shidoku\shi05.txt 106 0.000 0.000
shidoku\shi05.txt 111 0.000 0.000
shidoku\shi05.txt 105 0.000 0.000
shidoku\shi05.txt 98 0.000 0.000
shidoku\shi05.txt 100 0.000 0.000
shidoku\shi05.txt 102 0.000 0.000
shidoku\shi05.txt 500 0.769 0.210
shidoku\shi05.txt 93 0.000 0.000
shidoku\shi05.txt 123 0.000 0.000
shidoku\shi05.txt 105 0.000 0.000
shidoku\shi05.txt 88 0.000 0.000
shidoku\shi05.txt 95 0.000 0.000
shidoku\shi05.txt 88 0.000 0.000
shidoku\shi05.txt 108 0.000 0.000
shidoku\shi05.txt 91 0.000 0.000
shidoku\shi05.txt 99 0.000 0.000
shidoku\shi05.txt 103 0.000 0.000
shidoku\shi05.txt 102 0.000 0.000
shidoku\shi05.txt 96 0.000 0.000
shidoku\shi05.txt 207 0.000 0.000
shidoku\shi05.txt 105 0.000 0.000
shidoku\shi05.txt 98 0.000 0.000
shidoku\shi05.txt 98 0.000 0.000
shidoku\shi05.txt 97 0.000 0.000
shidoku\shi05.txt 99 0.000 0.000
shidoku\shi05.txt 108 0.000 0.000
shidoku\shi05.txt 100 0.000 0.000
shidoku\shi05.txt 104 0.000 0.000
shidoku\shi05.txt 103 0.000 0.000
shidoku\shi05.txt 112 0.000 0.000
shidoku\shi05.txt 96 0.000 0.000
shidoku\shi05.txt 94 0.000 0.000
shidoku\shi05.txt 99 0.000 0.000
shidoku\shi05.txt 114 0.000 0.000
shidoku\shi05.txt 105 0.000 0.000
shidoku\shi06.txt 98 0.000 0.000
shidoku\shi06.txt 105 0.000 0.000
shidoku\shi06.txt 104 0.000 0.000
shidoku\shi06.txt 98 0.000 0.000
shidoku\shi06.txt 96 0.000 0.000
shidoku\shi06.txt 96 0.000 0.000
shidoku\shi06.txt 102 0.000 0.000
shidoku\shi06.txt 100 0.000 0.000
shidoku\shi06.txt 108 0.000 0.000
shidoku\shi06.txt 99 0.000 0.000
shidoku\shi06.txt 98 0.000 0.000
shidoku\shi06.txt 97 0.000 0.000
shidoku\shi06.txt 100 0.000 0.000
shidoku\shi06.txt 104 0.000 0.000
shidoku\shi06.txt 99 0.000 0.000
shidoku\shi06.txt 96 0.000 0.000
shidoku\shi06.txt 110 0.000 0.000
shidoku\shi06.txt 99 0.000 0.000
shidoku\shi06.txt 99 0.000 0.000
shidoku\shi06.txt 99 0.000 0.000
shidoku\shi06.txt 98 0.000 0.000
shidoku\shi06.txt 107 0.000 0.000
shidoku\shi06.txt 98 0.000 0.000
shidoku\shi06.txt 99 0.000 0.000
shidoku\shi06.txt 102 0.000 0.000
shidoku\shi06.txt 97 0.000 0.000
shidoku\shi06.txt 93 0.000 0.000
shidoku\shi06.txt 106 0.000 0.000
shidoku\shi06.txt 112 0.000 0.000
shidoku\shi06.txt 105 0.000 0.000
shidoku\shi06.txt 111 0.000 0.000
shidoku\shi06.txt 106 0.000 0.000
shidoku\shi06.txt 96 0.000 0.000
shidoku\shi06.txt 99 0.000 0.000
shidoku\shi06.txt 95 0.000 0.000
shidoku\shi06.txt 89 0.000 0.000
shidoku\shi06.txt 99 0.000 0.000
shidoku\shi06.txt 101 0.000 0.000
shidoku\shi06.txt 100 0.000 0.000
shidoku\shi06.txt 105 0.000 0.000
shidoku\shi06.txt 100 0.000 0.000
shidoku\shi06.txt 94 0.000 0.000
shidoku\shi06.txt 94 0.000 0.000
shidoku\shi06.txt 100 0.000 0.000
shidoku\shi06.txt 99 0.000 0.000
shidoku\shi06.txt 102 0.000 0.000
shidoku\shi06.txt 96 0.000 0.000
shidoku\shi06.txt 94 0.000 0.000
shidoku\shi06.txt 94 0.000 0.000
shidoku\shi06.txt 98 0.000 0.000
shidoku\shi06.txt 96 0.000 0.000
shidoku\shi06.txt 96 0.000 0.000
shidoku\shi06.txt 95 0.000 0.000
shidoku\shi06.txt 97 0.000 0.000
shidoku\shi06.txt 108 0.000 0.000
shidoku\shi06.txt 101 0.000 0.000
shidoku\shi06.txt 96 0.000 0.000
shidoku\shi06.txt 97 0.000 0.000
shidoku\shi06.txt 97 0.000 0.000
shidoku\shi06.txt 94 0.000 0.000
shidoku\shi06.txt 111 0.000 0.000
shidoku\shi06.txt 91 0.000 0.000
shidoku\shi06.txt 99 0.000 0.000
shidoku\shi06.txt 98 0.000 0.000
shidoku\shi06.txt 90 0.000 0.000
shidoku\shi06.txt 99 0.000 0.000
shidoku\shi06.txt 101 0.000 0.000
shidoku\shi06.txt 97 0.000 0.000
shidoku\shi06.txt 91 0.000 0.000
shidoku\shi06.txt 97 0.000 0.000
shidoku\shi06.txt 101 0.000 0.000
shidoku\shi06.txt 101 0.000 0.000
shidoku\shi06.txt 103 0.000 0.000
shidoku\shi06.txt 95 0.000 0.000
shidoku\shi06.txt 98 0.000 0.000
shidoku\shi06.txt 105 0.000 0.000
shidoku\shi06.txt 98 0.000 0.000
shidoku\shi06.txt 99 0.000 0.000
shidoku\shi06.txt 97 0.000 0.000
shidoku\shi06.txt 99 0.000 0.000
shidoku\shi06.txt 101 0.000 0.000
shidoku\shi06.txt 102 0.000 0.000
shidoku\shi06.txt 108 0.000 0.000
shidoku\shi06.txt 90 0.000 0.000
shidoku\shi06.txt 93 0.000 0.000
shidoku\shi06.txt 104 0.000 0.000
shidoku\shi06.txt 101 0.000 0.000
shidoku\shi06.txt 102 0.000 0.000
shidoku\shi06.txt 94 0.000 0.000
shidoku\shi06.txt 101 0.000 0.000
shidoku\shi06.txt 100 0.000 0.000
shidoku\shi06.txt 104 0.000 0.000
shidoku\shi06.txt 97 0.000 0.000
shidoku\shi06.txt 96 0.000 0.000
shidoku\shi06.txt 94 0.000 0.000
shidoku\shi06.txt 97 0.000 0.000
shidoku\shi06.txt 100 0.000 0.000
shidoku\shi06.txt 110 0.000 0.000
shidoku\shi06.txt 106 0.000 0.000
shidoku\shi06.txt 91 0.000 0.000
shidoku\shi07.txt 127 0.000 0.000
shidoku\shi07.txt 92 0.000 0.000
shidoku\shi07.txt 105 0.000 0.000
shidoku\shi07.txt 102 0.000 0.000
shidoku\shi07.txt 99 0.000 0.000
shidoku\shi07.txt 104 0.000 0.000
shidoku\shi07.txt 99 0.000 0.000
shidoku\shi07.txt 94 0.000 0.000
shidoku\shi07.txt 98 0.000 0.000
shidoku\shi07.txt 92 0.000 0.000
shidoku\shi07.txt 100 0.000 0.000
shidoku\shi07.txt 100 0.000 0.000
shidoku\shi07.txt 100 0.000 0.000
shidoku\shi07.txt 95 0.000 0.000
shidoku\shi07.txt 99 0.000 0.000
shidoku\shi07.txt 104 0.000 0.000
shidoku\shi07.txt 97 0.000 0.000
shidoku\shi07.txt 91 0.000 0.000
shidoku\shi07.txt 94 0.000 0.000
shidoku\shi07.txt 97 0.000 0.000
shidoku\shi07.txt 108 0.000 0.000
shidoku\shi07.txt 97 0.000 0.000
shidoku\shi07.txt 95 0.000 0.000
shidoku\shi07.txt 98 0.000 0.000
shidoku\shi07.txt 102 0.000 0.000
shidoku\shi07.txt 94 0.000 0.000
shidoku\shi07.txt 112 0.000 0.000
shidoku\shi07.txt 92 0.000 0.000
shidoku\shi07.txt 103 0.000 0.000
shidoku\shi07.txt 96 0.000 0.000
shidoku\shi07.txt 95 0.000 0.000
shidoku\shi07.txt 93 0.000 0.000
shidoku\shi07.txt 102 0.000 0.000
shidoku\shi07.txt 95 0.000 0.000
shidoku\shi07.txt 98 0.000 0.000
shidoku\shi07.txt 98 0.000 0.000
shidoku\shi07.txt 95 0.000 0.000
shidoku\shi07.txt 95 0.000 0.000
shidoku\shi07.txt 92 0.000 0.000
shidoku\shi07.txt 100 0.000 0.000
shidoku\shi07.txt 94 0.000 0.000
shidoku\shi07.txt 95 0.000 0.000
shidoku\shi07.txt 216 0.000 0.000
shidoku\shi07.txt 104 0.000 0.000
shidoku\shi07.txt 97 0.000 0.000
shidoku\shi07.txt 105 0.000 0.000
shidoku\shi07.txt 100 0.000 0.000
shidoku\shi07.txt 96 0.000 0.000
shidoku\shi07.txt 95 0.000 0.000
shidoku\shi07.txt 96 0.000 0.000
shidoku\shi07.txt 94 0.000 0.000
shidoku\shi07.txt 99 0.000 0.000
shidoku\shi07.txt 97 0.000 0.000
shidoku\shi07.txt 97 0.000 0.000
shidoku\shi07.txt 95 0.000 0.000
shidoku\shi07.txt 105 0.000 0.000
shidoku\shi07.txt 96 0.000 0.000
shidoku\shi07.txt 102 0.000 0.000
shidoku\shi07.txt 101 0.000 0.000
shidoku\shi07.txt 100 0.000 0.000
shidoku\shi07.txt 122 0.000 0.000
shidoku\shi07.txt 103 0.000 0.000
shidoku\shi07.txt 95 0.000 0.000
shidoku\shi07.txt 98 0.000 0.000
shidoku\shi07.txt 94 0.000 0.000
shidoku\shi07.txt 99 0.000 0.000
shidoku\shi07.txt 96 0.000 0.000
shidoku\shi07.txt 99 0.000 0.000
shidoku\shi07.txt 105 0.000 0.000
shidoku\shi07.txt 93 0.000 0.000
shidoku\shi07.txt 102 0.000 0.000
shidoku\shi07.txt 99 0.000 0.000
shidoku\shi07.txt 103 0.000 0.000
shidoku\shi07.txt 123 0.000 0.000
shidoku\shi07.txt 97 0.000 0.000
shidoku\shi07.txt 98 0.000 0.000
shidoku\shi07.txt 102 0.000 0.000
shidoku\shi07.txt 100 0.000 0.000
shidoku\shi07.txt 96 0.000 0.000
shidoku\shi07.txt 94 0.000 0.000
shidoku\shi07.txt 93 0.000 0.000
shidoku\shi07.txt 98 0.000 0.000
shidoku\shi07.txt 95 0.000 0.000
shidoku\shi07.txt 105 0.000 0.000
shidoku\shi07.txt 98 0.000 0.000
shidoku\shi07.txt 93 0.000 0.000
shidoku\shi07.txt 110 0.000 0.000
shidoku\shi07.txt 98 0.000 0.000
shidoku\shi07.txt 95 0.000 0.000
shidoku\shi07.txt 103 0.000 0.000
shidoku\shi07.txt 99 0.000 0.000
shidoku\shi07.txt 96 0.000 0.000
shidoku\shi07.txt 95 0.000 0.000
shidoku\shi07.txt 93 0.000 0.000
shidoku\shi07.txt 99 0.000 0.000
shidoku\shi07.txt 100 0.000 0.000
shidoku\shi07.txt 95 0.000 0.000
shidoku\shi07.txt 100 0.000 0.000
shidoku\shi07.txt 98 0.000 0.000
shidoku\shi07.txt 96 0.000 0.000
shidoku\shi08.txt 180 0.000 0.000
shidoku\shi08.txt 177 0.000 0.000
shidoku\shi08.txt 201 0.000 0.000
shidoku\shi08.txt 184 0.000 0.000
shidoku\shi08.txt 180 0.000 0.000
shidoku\shi08.txt 188 0.000 0.000
shidoku\shi08.txt 187 0.000 0.000
shidoku\shi08.txt 188 0.000 0.000
shidoku\shi08.txt 191 0.000 0.000
shidoku\shi08.txt 188 0.000 0.000
shidoku\shi08.txt 170 0.000 0.000
shidoku\shi08.txt 188 0.000 0.000
shidoku\shi08.txt 183 0.000 0.000
shidoku\shi08.txt 189 0.000 0.000
shidoku\shi08.txt 177 0.000 0.000
shidoku\shi08.txt 190 0.000 0.000
shidoku\shi08.txt 185 0.000 0.000
shidoku\shi08.txt 187 0.000 0.000
shidoku\shi08.txt 186 0.000 0.000
shidoku\shi08.txt 182 0.000 0.000
shidoku\shi08.txt 189 0.000 0.000
shidoku\shi08.txt 194 0.000 0.000
shidoku\shi08.txt 184 0.000 0.000
shidoku\shi08.txt 186 0.000 0.000
shidoku\shi08.txt 195 0.000 0.000
shidoku\shi08.txt 189 0.000 0.000
shidoku\shi08.txt 190 0.000 0.000
shidoku\shi08.txt 191 0.000 0.000
shidoku\shi08.txt 181 0.000 0.000
shidoku\shi08.txt 195 0.000 0.000
shidoku\shi08.txt 181 0.000 0.000
shidoku\shi08.txt 181 0.000 0.000
shidoku\shi08.txt 193 0.000 0.000
shidoku\shi08.txt 183 0.000 0.000
shidoku\shi08.txt 190 0.000 0.000
shidoku\shi08.txt 182 0.000 0.000
shidoku\shi08.txt 191 0.000 0.000
shidoku\shi08.txt 184 0.000 0.000
shidoku\shi08.txt 186 0.000 0.000
shidoku\shi08.txt 186 0.000 0.000
shidoku\shi08.txt 182 0.000 0.000
shidoku\shi08.txt 186 0.000 0.000
shidoku\shi08.txt 185 0.000 0.000
shidoku\shi08.txt 189 0.000 0.000
shidoku\shi08.txt 200 0.000 0.000
shidoku\shi08.txt 189 0.000 0.000
shidoku\shi08.txt 186 0.000 0.000
shidoku\shi08.txt 186 0.000 0.000
shidoku\shi08.txt 175 0.000 0.000
shidoku\shi08.txt 185 0.000 0.000
shidoku\shi08.txt 193 0.000 0.000
shidoku\shi08.txt 187 0.000 0.000
shidoku\shi08.txt 182 0.000 0.000
shidoku\shi08.txt 179 0.000 0.000
shidoku\shi08.txt 176 0.000 0.000
shidoku\shi08.txt 180 0.000 0.000
shidoku\shi08.txt 195 0.000 0.000
shidoku\shi08.txt 183 0.000 0.000
shidoku\shi08.txt 186 0.000 0.000
shidoku\shi08.txt 192 0.000 0.000
shidoku\shi08.txt 192 0.000 0.000
shidoku\shi08.txt 180 0.000 0.000
shidoku\shi08.txt 194 0.000 0.000
shidoku\shi08.txt 180 0.000 0.000
shidoku\shi08.txt 193 0.000 0.000
shidoku\shi08.txt 181 0.000 0.000
shidoku\shi08.txt 181 0.000 0.000
shidoku\shi08.txt 186 0.000 0.000
shidoku\shi08.txt 187 0.000 0.000
shidoku\shi08.txt 187 0.000 0.000
shidoku\shi08.txt 190 0.000 0.000
shidoku\shi08.txt 177 0.000 0.000
shidoku\shi08.txt 193 0.000 0.000
shidoku\shi08.txt 180 0.000 0.000
shidoku\shi08.txt 186 0.000 0.000
shidoku\shi08.txt 197 0.000 0.000
shidoku\shi08.txt 180 0.000 0.000
shidoku\shi08.txt 182 0.000 0.000
shidoku\shi08.txt 179 0.000 0.000
shidoku\shi08.txt 180 0.000 0.000
shidoku\shi08.txt 182 0.000 0.000
shidoku\shi08.txt 191 0.000 0.000
shidoku\shi08.txt 181 0.000 0.000
shidoku\shi08.txt 187 0.000 0.000
shidoku\shi08.txt 189 0.000 0.000
shidoku\shi08.txt 188 0.000 0.000
shidoku\shi08.txt 173 0.000 0.000
shidoku\shi08.txt 177 0.000 0.000
shidoku\shi08.txt 186 0.000 0.000
shidoku\shi08.txt 193 0.000 0.000
shidoku\shi08.txt 185 0.000 0.000
shidoku\shi08.txt 188 0.000 0.000
shidoku\shi08.txt 189 0.000 0.000
shidoku\shi08.txt 189 0.000 0.000
shidoku\shi08.txt 184 0.000 0.000
shidoku\shi08.txt 189 0.000 0.000
shidoku\shi08.txt 189 0.000 0.000
shidoku\shi08.txt 189 0.000 0.000
shidoku\shi08.txt 183 0.000 0.000
shidoku\shi08.txt 190 0.000 0.000
shidoku\shi09.txt 98 0.000 0.000
shidoku\shi09.txt 99 0.000 0.000
shidoku\shi09.txt 100 0.000 0.000
shidoku\shi09.txt 98 0.000 0.000
shidoku\shi09.txt 94 0.000 0.000
shidoku\shi09.txt 97 0.000 0.000
shidoku\shi09.txt 106 0.000 0.000
shidoku\shi09.txt 97 0.000 0.000
shidoku\shi09.txt 95 0.000 0.000
shidoku\shi09.txt 101 0.000 0.000
shidoku\shi09.txt 97 0.000 0.000
shidoku\shi09.txt 101 0.000 0.000
shidoku\shi09.txt 97 0.000 0.000
shidoku\shi09.txt 95 0.000 0.000
shidoku\shi09.txt 95 0.000 0.000
shidoku\shi09.txt 96 0.000 0.000
shidoku\shi09.txt 98 0.000 0.000
shidoku\shi09.txt 101 0.000 0.000
shidoku\shi09.txt 99 0.000 0.000
shidoku\shi09.txt 100 0.000 0.000
shidoku\shi09.txt 112 0.000 0.000
shidoku\shi09.txt 96 0.000 0.000
shidoku\shi09.txt 101 0.000 0.000
shidoku\shi09.txt 95 0.000 0.000
shidoku\shi09.txt 107 0.000 0.000
shidoku\shi09.txt 99 0.000 0.000
shidoku\shi09.txt 101 0.000 0.000
shidoku\shi09.txt 95 0.000 0.000
shidoku\shi09.txt 100 0.000 0.000
shidoku\shi09.txt 95 0.000 0.000
shidoku\shi09.txt 99 0.000 0.000
shidoku\shi09.txt 98 0.000 0.000
shidoku\shi09.txt 98 0.000 0.000
shidoku\shi09.txt 103 0.000 0.000
shidoku\shi09.txt 97 0.000 0.000
shidoku\shi09.txt 99 0.000 0.000
shidoku\shi09.txt 97 0.000 0.000
shidoku\shi09.txt 94 0.000 0.000
shidoku\shi09.txt 97 0.000 0.000
shidoku\shi09.txt 98 0.000 0.000
shidoku\shi09.txt 95 0.000 0.000
shidoku\shi09.txt 97 0.000 0.000
shidoku\shi09.txt 106 0.000 0.000
shidoku\shi09.txt 96 0.000 0.000
shidoku\shi09.txt 102 0.000 0.000
shidoku\shi09.txt 102 0.000 0.000
shidoku\shi09.txt 97 0.000 0.000
shidoku\shi09.txt 92 0.000 0.000
shidoku\shi09.txt 100 0.000 0.000
shidoku\shi09.txt 93 0.000 0.000
shidoku\shi09.txt 97 0.000 0.000
shidoku\shi09.txt 100 0.000 0.000
shidoku\shi09.txt 98 0.000 0.000
shidoku\shi09.txt 99 0.000 0.000
shidoku\shi09.txt 92 0.000 0.000
shidoku\shi09.txt 97 0.000 0.000
shidoku\shi09.txt 97 0.000 0.000
shidoku\shi09.txt 102 0.000 0.000
shidoku\shi09.txt 100 0.000 0.000
shidoku\shi09.txt 101 0.000 0.000
shidoku\shi09.txt 101 0.000 0.000
shidoku\shi09.txt 102 0.000 0.000
shidoku\shi09.txt 96 0.000 0.000
shidoku\shi09.txt 95 0.000 0.000
shidoku\shi09.txt 93 0.000 0.000
shidoku\shi09.txt 102 0.000 0.000
shidoku\shi09.txt 104 0.000 0.000
shidoku\shi09.txt 96 0.000 0.000
shidoku\shi09.txt 94 0.000 0.000
shidoku\shi09.txt 98 0.000 0.000
shidoku\shi09.txt 98 0.000 0.000
shidoku\shi09.txt 98 0.000 0.000
shidoku\shi09.txt 92 0.000 0.000
shidoku\shi09.txt 93 0.000 0.000
shidoku\shi09.txt 99 0.000 0.000
shidoku\shi09.txt 97 0.000 0.000
shidoku\shi09.txt 96 0.000 0.000
shidoku\shi09.txt 99 0.000 0.000
shidoku\shi09.txt 99 0.000 0.000
shidoku\shi09.txt 97 0.000 0.000
shidoku\shi09.txt 98 0.000 0.000
shidoku\shi09.txt 100 0.000 0.000
shidoku\shi09.txt 98 0.000 0.000
shidoku\shi09.txt 95 0.000 0.000
shidoku\shi09.txt 94 0.000 0.000
shidoku\shi09.txt 99 0.000 0.000
shidoku\shi09.txt 97 0.000 0.000
shidoku\shi09.txt 98 0.000 0.000
shidoku\shi09.txt 97 0.000 0.000
shidoku\shi09.txt 97 0.000 0.000
shidoku\shi09.txt 102 0.000 0.000
shidoku\shi09.txt 97 0.000 0.000
shidoku\shi09.txt 99 0.000 0.000
shidoku\shi09.txt 106 0.000 0.000
shidoku\shi09.txt 96 0.000 0.000
shidoku\shi09.txt 101 0.000 0.000
shidoku\shi09.txt 100 0.000 0.000
shidoku\shi09.txt 101 0.000 0.000
shidoku\shi09.txt 95 0.000 0.000
shidoku\shi09.txt 95 0.000 0.000
shidoku\shi10.txt 42 0.000 0.000
shidoku\shi10.txt 43 0.000 0.000
shidoku\shi10.txt 43 0.000 0.000
shidoku\shi10.txt 42 0.000 0.000
shidoku\shi10.txt 43 0.000 0.000
shidoku\shi10.txt 43 0.000 0.000
shidoku\shi10.txt 42 0.000 0.000
shidoku\shi10.txt 44 0.000 0.000
shidoku\shi10.txt 44 0.000 0.000
shidoku\shi10.txt 44 0.000 0.000
shidoku\shi10.txt 41 0.000 0.000
shidoku\shi10.txt 39 0.000 0.000
shidoku\shi10.txt 46 0.000 0.000
shidoku\shi10.txt 41 0.000 0.000
shidoku\shi10.txt 42 0.000 0.000
shidoku\shi10.txt 46 0.000 0.000
shidoku\shi10.txt 43 0.000 0.000
shidoku\shi10.txt 42 0.000 0.000
shidoku\shi10.txt 43 0.000 0.000
shidoku\shi10.txt 42 0.000 0.000
shidoku\shi10.txt 45 0.000 0.000
shidoku\shi10.txt 44 0.000 0.000
shidoku\shi10.txt 44 0.000 0.000
shidoku\shi10.txt 40 0.000 0.000
shidoku\shi10.txt 41 0.000 0.000
shidoku\shi10.txt 43 0.000 0.000
shidoku\shi10.txt 44 0.000 0.000
shidoku\shi10.txt 44 0.000 0.000
shidoku\shi10.txt 42 0.000 0.000
shidoku\shi10.txt 41 0.000 0.000
shidoku\shi10.txt 43 0.000 0.000
shidoku\shi10.txt 41 0.000 0.000
shidoku\shi10.txt 47 0.000 0.000
shidoku\shi10.txt 43 0.000 0.000
shidoku\shi10.txt 43 0.000 0.000
shidoku\shi10.txt 41 0.000 0.000
shidoku\shi10.txt 43 0.000 0.000
shidoku\shi10.txt 48 0.000 0.000
shidoku\shi10.txt 46 0.000 0.000
shidoku\shi10.txt 40 0.000 0.000
shidoku\shi10.txt 41 0.000 0.000
shidoku\shi10.txt 42 0.000 0.000
shidoku\shi10.txt 43 0.000 0.000
shidoku\shi10.txt 46 0.000 0.000
shidoku\shi10.txt 44 0.000 0.000
shidoku\shi10.txt 44 0.000 0.000
shidoku\shi10.txt 45 0.000 0.000
shidoku\shi10.txt 43 0.000 0.000
shidoku\shi10.txt 41 0.000 0.000
shidoku\shi10.txt 44 0.000 0.000
shidoku\shi10.txt 42 0.000 0.000
shidoku\shi10.txt 42 0.000 0.000
shidoku\shi10.txt 43 0.000 0.000
shidoku\shi10.txt 44 0.000 0.000
shidoku\shi10.txt 41 0.000 0.000
shidoku\shi10.txt 48 0.000 0.000
shidoku\shi10.txt 45 0.000 0.000
shidoku\shi10.txt 48 0.000 0.000
shidoku\shi10.txt 43 0.000 0.000
shidoku\shi10.txt 42 0.000 0.000
shidoku\shi10.txt 43 0.000 0.000
shidoku\shi10.txt 44 0.000 0.000
shidoku\shi10.txt 44 0.000 0.000
shidoku\shi10.txt 45 0.000 0.000
shidoku\shi10.txt 42 0.000 0.000
shidoku\shi10.txt 43 0.000 0.000
shidoku\shi10.txt 43 0.000 0.000
shidoku\shi10.txt 43 0.000 0.000
shidoku\shi10.txt 43 0.000 0.000
shidoku\shi10.txt 43 0.000 0.000
shidoku\shi10.txt 43 0.000 0.000
shidoku\shi10.txt 42 0.000 0.000
shidoku\shi10.txt 40 0.000 0.000
shidoku\shi10.txt 45 0.000 0.000
shidoku\shi10.txt 41 0.000 0.000
shidoku\shi10.txt 39 0.000 0.000
shidoku\shi10.txt 42 0.000 0.000
shidoku\shi10.txt 44 0.000 0.000
shidoku\shi10.txt 43 0.000 0.000
shidoku\shi10.txt 44 0.000 0.000
shidoku\shi10.txt 43 0.000 0.000
shidoku\shi10.txt 43 0.000 0.000
shidoku\shi10.txt 45 0.000 0.000
shidoku\shi10.txt 42 0.000 0.000
shidoku\shi10.txt 44 0.000 0.000
shidoku\shi10.txt 44 0.000 0.000
shidoku\shi10.txt 42 0.000 0.000
shidoku\shi10.txt 42 0.000 0.000
shidoku\shi10.txt 47 0.000 0.000
shidoku\shi10.txt 48 0.000 0.000
shidoku\shi10.txt 44 0.000 0.000
shidoku\shi10.txt 42 0.000 0.000
shidoku\shi10.txt 40 0.000 0.000
shidoku\shi10.txt 43 0.000 0.000
shidoku\shi10.txt 43 0.000 0.000
shidoku\shi10.txt 43 0.000 0.000
shidoku\shi10.txt 45 0.000 0.000
shidoku\shi10.txt 47 0.000 0.000
shidoku\shi10.txt 40 0.000 0.000
shidoku\shi10.txt 43 0.000 0.000
shidoku\shi11.txt 39 0.000 0.000
shidoku\shi11.txt 44 0.000 0.000
shidoku\shi11.txt 40 0.000 0.000
shidoku\shi11.txt 38 0.000 0.000
shidoku\shi11.txt 40 0.000 0.000
shidoku\shi11.txt 38 0.000 0.000
shidoku\shi11.txt 39 0.000 0.000
shidoku\shi11.txt 40 0.000 0.000
shidoku\shi11.txt 45 0.000 0.000
shidoku\shi11.txt 37 0.000 0.000
shidoku\shi11.txt 40 0.000 0.000
shidoku\shi11.txt 38 0.000 0.000
shidoku\shi11.txt 43 0.000 0.000
shidoku\shi11.txt 37 0.000 0.000
shidoku\shi11.txt 41 0.000 0.000
shidoku\shi11.txt 46 0.000 0.000
shidoku\shi11.txt 39 0.000 0.000
shidoku\shi11.txt 47 0.000 0.000
shidoku\shi11.txt 39 0.000 0.000
shidoku\shi11.txt 43 0.000 0.000
shidoku\shi11.txt 37 0.000 0.000
shidoku\shi11.txt 41 0.000 0.000
shidoku\shi11.txt 41 0.000 0.000
shidoku\shi11.txt 38 0.000 0.000
shidoku\shi11.txt 37 0.000 0.000
shidoku\shi11.txt 39 0.000 0.000
shidoku\shi11.txt 44 0.000 0.000
shidoku\shi11.txt 39 0.000 0.000
shidoku\shi11.txt 39 0.000 0.000
shidoku\shi11.txt 38 0.000 0.000
shidoku\shi11.txt 39 0.000 0.000
shidoku\shi11.txt 38 0.000 0.000
shidoku\shi11.txt 40 0.000 0.000
shidoku\shi11.txt 43 0.000 0.000
shidoku\shi11.txt 39 0.000 0.000
shidoku\shi11.txt 37 0.000 0.000
shidoku\shi11.txt 42 0.000 0.000
shidoku\shi11.txt 43 0.000 0.000
shidoku\shi11.txt 42 0.000 0.000
shidoku\shi11.txt 38 0.000 0.000
shidoku\shi11.txt 39 0.000 0.000
shidoku\shi11.txt 39 0.000 0.000
shidoku\shi11.txt 38 0.000 0.000
shidoku\shi11.txt 42 0.000 0.000
shidoku\shi11.txt 42 0.000 0.000
shidoku\shi11.txt 37 0.000 0.000
shidoku\shi11.txt 39 0.000 0.000
shidoku\shi11.txt 40 0.000 0.000
shidoku\shi11.txt 36 0.000 0.000
shidoku\shi11.txt 36 0.000 0.000
shidoku\shi11.txt 38 0.000 0.000
shidoku\shi11.txt 38 0.000 0.000
shidoku\shi11.txt 37 0.000 0.000
shidoku\shi11.txt 40 0.000 0.000
shidoku\shi11.txt 39 0.000 0.000
shidoku\shi11.txt 42 0.000 0.000
shidoku\shi11.txt 40 0.000 0.000
shidoku\shi11.txt 40 0.000 0.000
shidoku\shi11.txt 50 0.000 0.000
shidoku\shi11.txt 40 0.000 0.000
shidoku\shi11.txt 41 0.000 0.000
shidoku\shi11.txt 41 0.000 0.000
shidoku\shi11.txt 40 0.000 0.000
shidoku\shi11.txt 39 0.000 0.000
shidoku\shi11.txt 39 0.000 0.000
shidoku\shi11.txt 39 0.000 0.000
shidoku\shi11.txt 44 0.000 0.000
shidoku\shi11.txt 41 0.000 0.000
shidoku\shi11.txt 40 0.000 0.000
shidoku\shi11.txt 41 0.000 0.000
shidoku\shi11.txt 38 0.000 0.000
shidoku\shi11.txt 38 0.000 0.000
shidoku\shi11.txt 39 0.000 0.000
shidoku\shi11.txt 37 0.000 0.000
shidoku\shi11.txt 41 0.000 0.000
shidoku\shi11.txt 43 0.000 0.000
shidoku\shi11.txt 40 0.000 0.000
shidoku\shi11.txt 39 0.000 0.000
shidoku\shi11.txt 40 0.000 0.000
shidoku\shi11.txt 38 0.000 0.000
shidoku\shi11.txt 39 0.000 0.000
shidoku\shi11.txt 42 0.000 0.000
shidoku\shi11.txt 40 0.000 0.000
shidoku\shi11.txt 43 0.000 0.000
shidoku\shi11.txt 40 0.000 0.000
shidoku\shi11.txt 44 0.000 0.000
shidoku\shi11.txt 42 0.000 0.000
shidoku\shi11.txt 40 0.000 0.000
shidoku\shi11.txt 39 0.000 0.000
shidoku\shi11.txt 39 0.000 0.000
shidoku\shi11.txt 45 0.000 0.000
shidoku\shi11.txt 41 0.000 0.000
shidoku\shi11.txt 40 0.000 0.000
shidoku\shi11.txt 39 0.000 0.000
shidoku\shi11.txt 40 0.000 0.000
shidoku\shi11.txt 43 0.000 0.000
shidoku\shi11.txt 39 0.000 0.000
shidoku\shi11.txt 39 0.000 0.000
shidoku\shi11.txt 38 0.000 0.000
shidoku\shi11.txt 42 0.000 0.000
shidoku\shi12.txt 99 0.000 0.000
shidoku\shi12.txt 101 0.000 0.000
shidoku\shi12.txt 100 0.000 0.000
shidoku\shi12.txt 99 0.000 0.000
shidoku\shi12.txt 107 0.000 0.000
shidoku\shi12.txt 98 0.000 0.000
shidoku\shi12.txt 102 0.000 0.000
shidoku\shi12.txt 102 0.000 0.000
shidoku\shi12.txt 103 0.000 0.000
shidoku\shi12.txt 99 0.000 0.000
shidoku\shi12.txt 104 0.000 0.000
shidoku\shi12.txt 97 0.000 0.000
shidoku\shi12.txt 93 0.000 0.000
shidoku\shi12.txt 103 0.000 0.000
shidoku\shi12.txt 98 0.000 0.000
shidoku\shi12.txt 97 0.000 0.000
shidoku\shi12.txt 103 0.000 0.000
shidoku\shi12.txt 97 0.000 0.000
shidoku\shi12.txt 109 0.000 0.000
shidoku\shi12.txt 117 0.000 0.000
shidoku\shi12.txt 100 0.000 0.000
shidoku\shi12.txt 105 0.000 0.000
shidoku\shi12.txt 90 0.000 0.000
shidoku\shi12.txt 100 0.000 0.000
shidoku\shi12.txt 100 0.000 0.000
shidoku\shi12.txt 98 0.000 0.000
shidoku\shi12.txt 100 0.000 0.000
shidoku\shi12.txt 99 0.000 0.000
shidoku\shi12.txt 101 0.000 0.000
shidoku\shi12.txt 92 0.000 0.000
shidoku\shi12.txt 100 0.000 0.000
shidoku\shi12.txt 94 0.000 0.000
shidoku\shi12.txt 108 0.000 0.000
shidoku\shi12.txt 103 0.000 0.000
shidoku\shi12.txt 94 0.000 0.000
shidoku\shi12.txt 99 0.000 0.000
shidoku\shi12.txt 102 0.000 0.000
shidoku\shi12.txt 98 0.000 0.000
shidoku\shi12.txt 104 0.000 0.000
shidoku\shi12.txt 101 0.000 0.000
shidoku\shi12.txt 94 0.000 0.000
shidoku\shi12.txt 96 0.000 0.000
shidoku\shi12.txt 95 0.000 0.000
shidoku\shi12.txt 101 0.000 0.000
shidoku\shi12.txt 104 0.000 0.000
shidoku\shi12.txt 113 0.000 0.000
shidoku\shi12.txt 100 0.000 0.000
shidoku\shi12.txt 118 0.000 0.000
shidoku\shi12.txt 99 0.000 0.000
shidoku\shi12.txt 99 0.000 0.000
shidoku\shi12.txt 102 0.000 0.000
shidoku\shi12.txt 101 0.000 0.000
shidoku\shi12.txt 95 0.000 0.000
shidoku\shi12.txt 98 0.000 0.000
shidoku\shi12.txt 100 0.000 0.000
shidoku\shi12.txt 105 0.000 0.000
shidoku\shi12.txt 90 0.000 0.000
shidoku\shi12.txt 98 0.000 0.000
shidoku\shi12.txt 99 0.000 0.000
shidoku\shi12.txt 98 0.000 0.000
shidoku\shi12.txt 105 0.000 0.000
shidoku\shi12.txt 103 0.000 0.000
shidoku\shi12.txt 96 0.000 0.000
shidoku\shi12.txt 91 0.000 0.000
shidoku\shi12.txt 98 0.000 0.000
shidoku\shi12.txt 102 0.000 0.000
shidoku\shi12.txt 94 0.000 0.000
shidoku\shi12.txt 109 0.000 0.000
shidoku\shi12.txt 98 0.000 0.000
shidoku\shi12.txt 101 0.000 0.000
shidoku\shi12.txt 109 0.000 0.000
shidoku\shi12.txt 98 0.000 0.000
shidoku\shi12.txt 99 0.000 0.000
shidoku\shi12.txt 96 0.000 0.000
shidoku\shi12.txt 99 0.000 0.000
shidoku\shi12.txt 100 0.000 0.000
shidoku\shi12.txt 100 0.000 0.000
shidoku\shi12.txt 109 0.000 0.000
shidoku\shi12.txt 91 0.000 0.000
shidoku\shi12.txt 102 0.000 0.000
shidoku\shi12.txt 97 0.000 0.000
shidoku\shi12.txt 98 0.000 0.000
shidoku\shi12.txt 99 0.000 0.000
shidoku\shi12.txt 97 0.000 0.000
shidoku\shi12.txt 98 0.000 0.000
shidoku\shi12.txt 98 0.000 0.000
shidoku\shi12.txt 94 0.000 0.000
shidoku\shi12.txt 102 0.000 0.000
shidoku\shi12.txt 105 0.000 0.000
shidoku\shi12.txt 96 0.000 0.000
shidoku\shi12.txt 94 0.000 0.000
shidoku\shi12.txt 97 0.000 0.000
shidoku\shi12.txt 97 0.000 0.000
shidoku\shi12.txt 105 0.000 0.000
shidoku\shi12.txt 100 0.000 0.000
shidoku\shi12.txt 101 0.000 0.000
shidoku\shi12.txt 100 0.000 0.000
shidoku\shi12.txt 103 0.000 0.000
shidoku\shi12.txt 98 0.000 0.000
shidoku\shi12.txt 100 0.000 0.000
shidoku\shi13.txt 39 0.000 0.000
shidoku\shi13.txt 35 0.000 0.000
shidoku\shi13.txt 35 0.000 0.000
shidoku\shi13.txt 37 0.000 0.000
shidoku\shi13.txt 38 0.000 0.000
shidoku\shi13.txt 37 0.000 0.000
shidoku\shi13.txt 37 0.000 0.000
shidoku\shi13.txt 36 0.000 0.000
shidoku\shi13.txt 36 0.000 0.000
shidoku\shi13.txt 38 0.000 0.000
shidoku\shi13.txt 36 0.000 0.000
shidoku\shi13.txt 33 0.000 0.000
shidoku\shi13.txt 37 0.000 0.000
shidoku\shi13.txt 37 0.000 0.000
shidoku\shi13.txt 39 0.000 0.000
shidoku\shi13.txt 37 0.000 0.000
shidoku\shi13.txt 35 0.000 0.000
shidoku\shi13.txt 36 0.000 0.000
shidoku\shi13.txt 37 0.000 0.000
shidoku\shi13.txt 35 0.000 0.000
shidoku\shi13.txt 36 0.000 0.000
shidoku\shi13.txt 39 0.000 0.000
shidoku\shi13.txt 34 0.000 0.000
shidoku\shi13.txt 35 0.000 0.000
shidoku\shi13.txt 36 0.000 0.000
shidoku\shi13.txt 38 0.000 0.000
shidoku\shi13.txt 37 0.000 0.000
shidoku\shi13.txt 37 0.000 0.000
shidoku\shi13.txt 37 0.000 0.000
shidoku\shi13.txt 35 0.000 0.000
shidoku\shi13.txt 35 0.000 0.000
shidoku\shi13.txt 37 0.000 0.000
shidoku\shi13.txt 38 0.000 0.000
shidoku\shi13.txt 36 0.000 0.000
shidoku\shi13.txt 36 0.000 0.000
shidoku\shi13.txt 36 0.000 0.000
shidoku\shi13.txt 36 0.000 0.000
shidoku\shi13.txt 36 0.000 0.000
shidoku\shi13.txt 35 0.000 0.000
shidoku\shi13.txt 36 0.000 0.000
shidoku\shi13.txt 36 0.000 0.000
shidoku\shi13.txt 38 0.000 0.000
shidoku\shi13.txt 37 0.000 0.000
shidoku\shi13.txt 36 0.000 0.000
shidoku\shi13.txt 36 0.000 0.000
shidoku\shi13.txt 37 0.000 0.000
shidoku\shi13.txt 40 0.000 0.000
shidoku\shi13.txt 35 0.000 0.000
shidoku\shi13.txt 34 0.000 0.000
shidoku\shi13.txt 37 0.000 0.000
shidoku\shi13.txt 36 0.000 0.000
shidoku\shi13.txt 37 0.000 0.000
shidoku\shi13.txt 36 0.000 0.000
shidoku\shi13.txt 36 0.000 0.000
shidoku\shi13.txt 35 0.000 0.000
shidoku\shi13.txt 36 0.000 0.000
shidoku\shi13.txt 35 0.000 0.000
shidoku\shi13.txt 36 0.000 0.000
shidoku\shi13.txt 36 0.000 0.000
shidoku\shi13.txt 34 0.000 0.000
shidoku\shi13.txt 35 0.000 0.000
shidoku\shi13.txt 36 0.000 0.000
shidoku\shi13.txt 36 0.000 0.000
shidoku\shi13.txt 36 0.000 0.000
shidoku\shi13.txt 36 0.000 0.000
shidoku\shi13.txt 36 0.000 0.000
shidoku\shi13.txt 38 0.000 0.000
shidoku\shi13.txt 35 0.000 0.000
shidoku\shi13.txt 36 0.000 0.000
shidoku\shi13.txt 37 0.000 0.000
shidoku\shi13.txt 36 0.000 0.000
shidoku\shi13.txt 37 0.000 0.000
shidoku\shi13.txt 38 0.000 0.000
shidoku\shi13.txt 38 0.000 0.000
shidoku\shi13.txt 39 0.000 0.000
shidoku\shi13.txt 35 0.000 0.000
shidoku\shi13.txt 37 0.000 0.000
shidoku\shi13.txt 37 0.000 0.000
shidoku\shi13.txt 35 0.000 0.000
shidoku\shi13.txt 36 0.000 0.000
shidoku\shi13.txt 37 0.000 0.000
shidoku\shi13.txt 37 0.000 0.000
shidoku\shi13.txt 36 0.000 0.000
shidoku\shi13.txt 36 0.000 0.000
shidoku\shi13.txt 37 0.000 0.000
shidoku\shi13.txt 40 0.000 0.000
shidoku\shi13.txt 38 0.000 0.000
shidoku\shi13.txt 38 0.000 0.000
shidoku\shi13.txt 37 0.000 0.000
shidoku\shi13.txt 35 0.000 0.000
shidoku\shi13.txt 35 0.000 0.000
shidoku\shi13.txt 38 0.000 0.000
shidoku\shi13.txt 37 0.000 0.000
shidoku\shi13.txt 35 0.000 0.000
shidoku\shi13.txt 36 0.000 0.000
shidoku\shi13.txt 38 0.000 0.000
shidoku\shi13.txt 36 0.000 0.000
shidoku\shi13.txt 37 0.000 0.000
shidoku\shi13.txt 38 0.000 0.000
shidoku\shi13.txt 35 0.000 0.000
